<?xml version="1.0" encoding="UTF-8"?>
<testsuite name="RegisterTest" tests="1" skipped="0" failures="0" errors="0" timestamp="2023-05-14T21:40:18" hostname="LAPTOP-RB8RELHE" time="0.043">
  <properties/>
  <testcase name="removeSoldItemsFromAvailableClientListEmpty()" classname="RegisterTest" time="0.043"/>
  <system-out><![CDATA[]]></system-out>
  <system-err><![CDATA[]]></system-err>
</testsuite>
